[debug] [2025-03-30T19:51:53.827Z] ----------------------------------------------------------------------
[debug] [2025-03-30T19:51:53.834Z] Command:       C:\Program Files\nodejs\node.exe C:\Users\matia\AppData\Roaming\npm\node_modules\firebase-tools\lib\bin\firebase.js init functions
[debug] [2025-03-30T19:51:53.835Z] CLI Version:   13.22.1
[debug] [2025-03-30T19:51:53.835Z] Platform:      win32
[debug] [2025-03-30T19:51:53.835Z] Node Version:  v20.16.0
[debug] [2025-03-30T19:51:53.873Z] Time:          Sun Mar 30 2025 16:51:53 GMT-0300 (hora estándar de Argentina)
[debug] [2025-03-30T19:51:53.873Z] ----------------------------------------------------------------------
[debug] 
[debug] [2025-03-30T19:51:53.913Z] >>> [apiv2][query] GET https://firebase-public.firebaseio.com/cli.json [none]
[debug] [2025-03-30T19:51:53.965Z] > command requires scopes: ["email","openid","https://www.googleapis.com/auth/cloudplatformprojects.readonly","https://www.googleapis.com/auth/firebase","https://www.googleapis.com/auth/cloud-platform"]
[debug] [2025-03-30T19:51:53.965Z] > authorizing via signed-in user (matiasgunsett@gmail.com)
[info] 
     ######## #### ########  ######## ########     ###     ######  ########
     ##        ##  ##     ## ##       ##     ##  ##   ##  ##       ##
     ######    ##  ########  ######   ########  #########  ######  ######
     ##        ##  ##    ##  ##       ##     ## ##     ##       ## ##
     ##       #### ##     ## ######## ########  ##     ##  ######  ########

You're about to initialize a Firebase project in this directory:

  C:\Users\matia\Desktop\Proyecto React

[debug] [2025-03-30T19:51:54.587Z] <<< [apiv2][status] GET https://firebase-public.firebaseio.com/cli.json 200
[debug] [2025-03-30T19:51:54.588Z] <<< [apiv2][body] GET https://firebase-public.firebaseio.com/cli.json {"cloudBuildErrorAfter":1594252800000,"cloudBuildWarnAfter":1590019200000,"defaultNode10After":1594252800000,"minVersion":"3.0.5","node8DeploysDisabledAfter":1613390400000,"node8RuntimeDisabledAfter":1615809600000,"node8WarnAfter":1600128000000}
[info] 
=== Project Setup
[info] 
[info] First, let's associate this project directory with a Firebase project.
[info] You can create multiple project aliases by running firebase use --add, 
[info] but for now we'll just set up a default project.
[info] 
